#
# There is insufficient memory for the Java Runtime Environment to continue.
# Native memory allocation (mmap) failed to map 100663296 bytes for G1 virtual space
# Possible reasons:
#   The system is out of physical RAM or swap space
#   The process is running with CompressedOops enabled, and the Java Heap may be blocking the growth of the native heap
# Possible solutions:
#   Reduce memory load on the system
#   Increase physical memory or swap space
#   Check if swap backing store is full
#   Decrease Java heap size (-Xmx/-Xms)
#   Decrease number of Java threads
#   Decrease Java thread stack sizes (-Xss)
#   Set larger code cache with -XX:ReservedCodeCacheSize=
#   JVM is running with Unscaled Compressed Oops mode in which the Java heap is
#     placed in the first 4GB address space. The Java Heap base address is the
#     maximum limit for the native heap growth. Please use -XX:HeapBaseMinAddress
#     to set the Java Heap base and to place the Java Heap above 4GB virtual address.
# This output file may be truncated or incomplete.
#
#  Out of Memory Error (os_windows.cpp:3771), pid=1800, tid=9712
#
# JRE version:  (17.0.7) (build )
# Java VM: OpenJDK 64-Bit Server VM (17.0.7+0-b2043.56-10550314, mixed mode, sharing, tiered, compressed oops, compressed class ptrs, g1 gc, windows-amd64)
# No core dump will be written. Minidumps are not enabled by default on client versions of Windows
#

---------------  S U M M A R Y ------------

Command Line: org.jetbrains.kotlin.cli.jvm.K2JVMCompiler @C:\Users\katry\AndroidStudioProjects\Travel\app\build\20240318_10372847594906387310.compiler.options

Host: AMD Ryzen 5 3500U with Radeon Vega Mobile Gfx  , 8 cores, 5G,  Windows 10 , 64 bit Build 19041 (10.0.19041.3636)
Time: Mon Mar 18 21:58:11 2024 RTZ 2 (s 10 , 64 bit Build 19041 (10.0.19041.3636) elapsed time: 0.016243 seconds (0d 0h 0m 0s)

---------------  T H R E A D  ---------------

Current thread (0x00000227ace42b70):  JavaThread "Unknown thread" [_thread_in_vm, id=9712, stack(0x00000088e1d00000,0x00000088e1e00000)]

Stack: [0x00000088e1d00000,0x00000088e1e00000]
Native frames: (J=compiled Java code, j=interpreted, Vv=VM code, C=native code)
V  [jvm.dll+0x683bfa]
V  [jvm.dll+0x8430a4]
V  [jvm.dll+0x8449be]
V  [jvm.dll+0x845023]
V  [jvm.dll+0x24ad2f]
V  [jvm.dll+0x680ac9]
V  [jvm.dll+0x67519a]
V  [jvm.dll+0x30b3cb]
V  [jvm.dll+0x312876]
V  [jvm.dll+0x36221e]
V  [jvm.dll+0x36244f]
V  [jvm.dll+0x2e14a8]
V  [jvm.dll+0x2e2414]
V  [jvm.dll+0x814391]
V  [jvm.dll+0x36ffe1]
V  [jvm.dll+0x7f396c]
V  [jvm.dll+0x3f305f]
V  [jvm.dll+0x3f4b91]
C  [jli.dll+0x528f]
C  [ucrtbase.dll+0x21bb2]
C  [KERNEL32.DLL+0x17344]
C  [ntdll.dll+0x526b1]


---------------  P R O C E S S  ---------------

Threads class SMR info:
_java_thread_list=0x00007ffe3485d098, length=0, elements={
}

Java Threads: ( => current thread )

Other Threads:
  0x00000227ace8e350 GCTaskThread "GC Thread#0" [stack: 0x00000088e1e00000,0x00000088e1f00000] [id=13768]
  0x00000227ace9b0d0 ConcurrentGCThread "G1 Main Marker" [stack: 0x00000088e1f00000,0x00000088e2000000] [id=4752]
  0x00000227ace9c280 ConcurrentGCThread "G1 Conc#0" [stack: 0x00000088e2000000,0x00000088e2100000] [id=14212]

[error occurred during error reporting (printing all threads), id 0xc0000005, EXCEPTION_ACCESS_VIOLATION (0xc0000005) at pc=0x00007ffe34012087]

VM state: not at safepoint (not fully initialized)

VM Mutex/Monitor currently owned by a thread:  ([mutex/lock_event])
[0x00000227ace3f0e0] Heap_lock - owner thread: 0x00000227ace42b70

Heap address: 0x00000000a0e00000, size: 1522 MB, Compressed Oops mode: 32-bit

CDS archive(s) mapped at: [0x0000000000000000-0x0000000000000000-0x0000000000000000), size 0, SharedBaseAddress: 0x0000000800000000, ArchiveRelocationMode: 0.
Narrow klass base: 0x0000000000000000, Narrow klass shift: 0, Narrow klass range: 0x0

GC Precious Log:
<Empty>

Heap:
 garbage-first heap   total 0K, used 0K [0x00000000a0e00000, 0x0000000100000000)
  region size 1024K, 0 young (0K), 0 survivors (0K)
 Metaspace       used 0K, committed 0K, reserved 0K
  class space    used 0K, committed 0K, reserved 0K

Heap Regions: E=young(eden), S=young(survivor), O=old, HS=humongous(starts), HC=humongous(continues), CS=collection set, F=free, OA=open archive, CA=closed archive, TAMS=top-at-mark-start (previous, next)

Card table byte_map: [0x00000227bf950000,0x00000227bfc50000] _byte_map_base: 0x00000227bf449000

Marking Bits (Prev, Next): (CMBitMap*) 0x00000227ace8e960, (CMBitMap*) 0x00000227ace8e9a0
 Prev Bits: [0x00000227bff50000, 0x00000227c1718000)
 Next Bits: [0x00000227c1720000, 0x00000227c2ee8000)

GC Heap History (0 events):
No events

Dll operation events (1 events):
Event: 0.010 Loaded shared library C:\Program Files\Android\Android Studio2\jbr\bin\java.dll

Deoptimization events (0 events):
No events

Classes unloaded (0 events):
No events

Classes redefined (0 events):
No events

Internal exceptions (0 events):
No events

VM Operations (0 events):
No events

Events (0 events):
No events


Dynamic libraries:
0x00007ff66d050000 - 0x00007ff66d05a000 	C:\Program Files\Android\Android Studio2\jbr\bin\java.exe
0x00007ffe7ce70000 - 0x00007ffe7d068000 	C:\WINDOWS\SYSTEM32\ntdll.dll
0x00007ffe7b4a0000 - 0x00007ffe7b55d000 	C:\WINDOWS\System32\KERNEL32.DLL
0x00007ffe7a6c0000 - 0x00007ffe7a9b6000 	C:\WINDOWS\System32\KERNELBASE.dll
0x00007ffe7ab80000 - 0x00007ffe7ac80000 	C:\WINDOWS\System32\ucrtbase.dll
0x00007ffe6fd60000 - 0x00007ffe6fd77000 	C:\Program Files\Android\Android Studio2\jbr\bin\jli.dll
0x00007ffe5fac0000 - 0x00007ffe5fadb000 	C:\Program Files\Android\Android Studio2\jbr\bin\VCRUNTIME140.dll
0x00007ffe69710000 - 0x00007ffe699aa000 	C:\WINDOWS\WinSxS\amd64_microsoft.windows.common-controls_6595b64144ccf1df_6.0.19041.3636_none_60b6a03d71f818d5\COMCTL32.dll
0x00007ffe7aea0000 - 0x00007ffe7b03e000 	C:\WINDOWS\System32\USER32.dll
0x00007ffe7cd90000 - 0x00007ffe7ce2e000 	C:\WINDOWS\System32\msvcrt.dll
0x00007ffe7aa30000 - 0x00007ffe7aa52000 	C:\WINDOWS\System32\win32u.dll
0x00007ffe7c8a0000 - 0x00007ffe7c8cb000 	C:\WINDOWS\System32\GDI32.dll
0x00007ffe7aa60000 - 0x00007ffe7ab77000 	C:\WINDOWS\System32\gdi32full.dll
0x00007ffe7a520000 - 0x00007ffe7a5bd000 	C:\WINDOWS\System32\msvcp_win.dll
0x00007ffe7cd30000 - 0x00007ffe7cd62000 	C:\WINDOWS\System32\IMM32.DLL
0x00007ffe74320000 - 0x00007ffe7432c000 	C:\Program Files\Android\Android Studio2\jbr\bin\vcruntime140_1.dll
0x00007ffe48110000 - 0x00007ffe4819d000 	C:\Program Files\Android\Android Studio2\jbr\bin\msvcp140.dll
0x00007ffe33d20000 - 0x00007ffe349a0000 	C:\Program Files\Android\Android Studio2\jbr\bin\server\jvm.dll
0x00007ffe7b7d0000 - 0x00007ffe7b880000 	C:\WINDOWS\System32\ADVAPI32.dll
0x00007ffe7cc30000 - 0x00007ffe7ccd0000 	C:\WINDOWS\System32\sechost.dll
0x00007ffe7b6a0000 - 0x00007ffe7b7c5000 	C:\WINDOWS\System32\RPCRT4.dll
0x00007ffe7ac80000 - 0x00007ffe7aca7000 	C:\WINDOWS\System32\bcrypt.dll
0x00007ffe71270000 - 0x00007ffe7127a000 	C:\WINDOWS\SYSTEM32\VERSION.dll
0x00007ffe68400000 - 0x00007ffe68409000 	C:\WINDOWS\SYSTEM32\WSOCK32.dll
0x00007ffe7b880000 - 0x00007ffe7b8eb000 	C:\WINDOWS\System32\WS2_32.dll
0x00007ffe6d260000 - 0x00007ffe6d287000 	C:\WINDOWS\SYSTEM32\WINMM.dll
0x00007ffe78d20000 - 0x00007ffe78d32000 	C:\WINDOWS\SYSTEM32\kernel.appcore.dll
0x00007ffe74c70000 - 0x00007ffe74c7a000 	C:\Program Files\Android\Android Studio2\jbr\bin\jimage.dll
0x00007ffe780a0000 - 0x00007ffe78284000 	C:\WINDOWS\SYSTEM32\DBGHELP.DLL
0x00007ffe71170000 - 0x00007ffe711a4000 	C:\WINDOWS\SYSTEM32\dbgcore.DLL
0x00007ffe7acb0000 - 0x00007ffe7ad32000 	C:\WINDOWS\System32\bcryptPrimitives.dll
0x00007ffe60460000 - 0x00007ffe60485000 	C:\Program Files\Android\Android Studio2\jbr\bin\java.dll

dbghelp: loaded successfully - version: 4.0.5 - missing functions: none
symbol engine: initialized successfully - sym options: 0x614 - pdb path: .;C:\Program Files\Android\Android Studio2\jbr\bin;C:\WINDOWS\SYSTEM32;C:\WINDOWS\WinSxS\amd64_microsoft.windows.common-controls_6595b64144ccf1df_6.0.19041.3636_none_60b6a03d71f818d5;C:\Program Files\Android\Android Studio2\jbr\bin\server

VM Arguments:
java_command: org.jetbrains.kotlin.cli.jvm.K2JVMCompiler @C:\Users\katry\AndroidStudioProjects\Travel\app\build\20240318_10372847594906387310.compiler.options
java_class_path (initial): C:\Users\katry\.gradle\caches\modules-2\files-2.1\org.jetbrains.kotlin\kotlin-compiler-embeddable\1.9.22\9cd4dc7773cf2a99ecd961a88fbbc9a2da3fb5e1\kotlin-compiler-embeddable-1.9.22.jar;C:\Users\katry\.gradle\caches\modules-2\files-2.1\org.jetbrains.kotlin\kotlin-stdlib\1.9.22\d6c44cd08d8f3f9bece8101216dbe6553365c6e3\kotlin-stdlib-1.9.22.jar;C:\Users\katry\.gradle\caches\modules-2\files-2.1\org.jetbrains.kotlin\kotlin-script-runtime\1.9.22\f8139a46fc677ec9badc49ae954392f4f5e7e7c7\kotlin-script-runtime-1.9.22.jar;C:\Users\katry\.gradle\caches\modules-2\files-2.1\org.jetbrains.kotlin\kotlin-reflect\1.6.10\1cbe9c92c12a94eea200d23c2bbaedaf3daf5132\kotlin-reflect-1.6.10.jar;C:\Users\katry\.gradle\caches\modules-2\files-2.1\org.jetbrains.kotlin\kotlin-daemon-embeddable\1.9.22\20e2c5df715f3240c765cfc222530e2796542021\kotlin-daemon-embeddable-1.9.22.jar;C:\Users\katry\.gradle\caches\modules-2\files-2.1\org.jetbrains.intellij.deps\trove4j\1.0.20200330\3afb14d5f9ceb459d724e907a21145e8ff394f02\trove4j-1.0.20200330.jar;C:\Users\katry\.gradle\caches\modules-2\files-2.1\org.jetbrains\annotations\13.0\919f0dfe192fb4e063e7dacadee7f8bb9a2672a9\annotations-13.0.jar
Launcher Type: SUN_STANDARD

[Global flags]
     intx CICompilerCount                          = 4                                         {product} {ergonomic}
     uint ConcGCThreads                            = 2                                         {product} {ergonomic}
     uint G1ConcRefinementThreads                  = 8                                         {product} {ergonomic}
   size_t G1HeapRegionSize                         = 1048576                                   {product} {ergonomic}
    uintx GCDrainStackTargetSize                   = 64                                        {product} {ergonomic}
   size_t InitialHeapSize                          = 100663296                                 {product} {ergonomic}
   size_t MarkStackSize                            = 4194304                                   {product} {ergonomic}
   size_t MaxHeapSize                              = 1595932672                                {product} {ergonomic}
   size_t MinHeapDeltaBytes                        = 1048576                                   {product} {ergonomic}
   size_t MinHeapSize                              = 8388608                                   {product} {ergonomic}
    uintx NonNMethodCodeHeapSize                   = 5839372                                {pd product} {ergonomic}
    uintx NonProfiledCodeHeapSize                  = 122909434                              {pd product} {ergonomic}
    uintx ProfiledCodeHeapSize                     = 122909434                              {pd product} {ergonomic}
    uintx ReservedCodeCacheSize                    = 251658240                              {pd product} {ergonomic}
     bool SegmentedCodeCache                       = true                                      {product} {ergonomic}
   size_t SoftMaxHeapSize                          = 1595932672                             {manageable} {ergonomic}
     bool UseCompressedClassPointers               = true                           {product lp64_product} {ergonomic}
     bool UseCompressedOops                        = true                           {product lp64_product} {ergonomic}
     bool UseG1GC                                  = true                                      {product} {ergonomic}
     bool UseLargePagesIndividualAllocation        = false                                  {pd product} {ergonomic}

Logging:
Log output configuration:
 #0: stdout all=warning uptime,level,tags
 #1: stderr all=off uptime,level,tags

Environment Variables:
PATH=C:\Program Files\Common Files\Oracle\Java\javapath;C:\WINDOWS\system32;C:\WINDOWS;C:\WINDOWS\System32\Wbem;C:\WINDOWS\System32\WindowsPowerShell\v1.0\;C:\WINDOWS\System32\OpenSSH\;C:\Program Files\Microsoft SQL Server\120\Tools\Binn\;C:\Users\katry\AppData\Roaming\nvm;C:\Program Files\nodejs;C:\Program Files\PostgreSQL\13\bin;C:\Program Files\Common Files\Autodesk Shared\;C:\Program Files (x86)\Autodesk\Backburner\;C:\Program Files\Git\cmd;C:\Users\katry\Downloads\php-8.0.10-nts-Win32-vs16-x64;C:\composer;C:\Program Files\Go\bin;C:\Program Files\dotnet\;C:\Program Files\nodejs\;C:\Users\katry\AppData\Local\Programs\Python\Python39\Scripts\;C:\Users\katry\AppData\Local\Programs\Python\Python39\;C:\Users\katry\AppData\Local\Microsoft\WindowsApps;C:\Users\katry\AppData\Local\Programs\Microsoft VS Code\bin;C:\Users\katry\AppData\Roaming\nvm;C:\Program Files\nodejs;C:\Users\katry\AppData\Local\Microsoft\WindowsApps;C:\Users\katry\AppData\Roaming\Composer\vendor\bin;C:\Users\katry\AppData\Local\JetBrains\Toolbox\scripts;C:\Users\katry\go\bin;C:\Users\katry\AppData\Roaming\npm
USERNAME=katry
OS=Windows_NT
PROCESSOR_IDENTIFIER=AMD64 Family 23 Model 24 Stepping 1, AuthenticAMD
TMP=C:\Users\katry\AppData\Local\Temp
TEMP=C:\Users\katry\AppData\Local\Temp


JNI global refs:
JNI global refs: 0, weak refs: 0

JNI global refs memory usage: 0, weak refs: 0

OOME stack traces (most recent first):
Classloader memory used:


---------------  S Y S T E M  ---------------

OS:
 Windows 10 , 64 bit Build 19041 (10.0.19041.3636)
OS uptime: 4 days 1:08 hours
Hyper-V role detected

CPU: total 8 (initial active 8) (8 cores per cpu, 2 threads per core) family 23 model 24 stepping 1 microcode 0x0, cx8, cmov, fxsr, ht, mmx, 3dnowpref, sse, sse2, sse3, ssse3, sse4a, sse4.1, sse4.2, popcnt, lzcnt, tsc, tscinvbit, avx, avx2, aes, clmul, bmi1, bmi2, adx, sha, fma, vzeroupper, clflush, clflushopt, hv

Memory: 4k page, system-wide physical 6082M (370M free)
TotalPageFile size 24514M (AvailPageFile size 39M)
current process WorkingSet (physical memory assigned to process): 10M, peak: 10M
current process commit charge ("private bytes"): 60M, peak: 156M

vm_info: OpenJDK 64-Bit Server VM (17.0.7+0-b2043.56-10550314) for windows-amd64 JRE (17.0.7+0-b2043.56-10550314), built on Jul 24 2023 18:27:45 by "androidbuild" with MS VC++ 16.10 / 16.11 (VS2019)

END.
